app/build/intermediates/manifest_merge_blame_file/release/processReleaseMainManifest/manifest-merger-blame-release-report.txt
1<?xml version="1.0" encoding="utf-8"?>
2<manifest xmlns:android="http://schemas.android.com/apk/res/android"
3    package="com.HrshD1eux.Scan"
4    android:versionCode="8"
5    android:versionName="1.0.8" >
6
7    <uses-sdk
8        android:minSdkVersion="24"
9        android:targetSdkVersion="34" />
10
11    <!-- Permissions -->
12    <uses-permission android:name="android.permission.CAMERA" />
12-->src\main\AndroidManifest.xml:6:5-65
12-->src\main\AndroidManifest.xml:6:22-62
13
14    <uses-feature
14-->src\main\AndroidManifest.xml:7:5-85
15        android:name="android.hardware.camera"
15-->src\main\AndroidManifest.xml:7:19-57
16        android:required="false" />
16-->src\main\AndroidManifest.xml:7:58-82
17    <uses-feature
17-->src\main\AndroidManifest.xml:8:5-95
18        android:name="android.hardware.camera.autofocus"
18-->src\main\AndroidManifest.xml:8:19-67
19        android:required="false" />
19-->src\main\AndroidManifest.xml:8:68-92
20    <uses-feature
20-->src\main\AndroidManifest.xml:9:5-91
21        android:name="android.hardware.camera.flash"
21-->src\main\AndroidManifest.xml:9:19-63
22        android:required="false" />
22-->src\main\AndroidManifest.xml:9:64-88
23
24    <!-- Internet for checking GitHub releases (and maybe some specific deep links) -->
25    <uses-permission android:name="android.permission.INTERNET" />
25-->src\main\AndroidManifest.xml:12:5-67
25-->src\main\AndroidManifest.xml:12:22-64
26    <uses-permission android:name="android.permission.ACCESS_NETWORK_STATE" />
26-->src\main\AndroidManifest.xml:13:5-79
26-->src\main\AndroidManifest.xml:13:22-76
27
28    <!-- Wi-Fi state for Wi-Fi QR connections -->
29    <uses-permission android:name="android.permission.ACCESS_WIFI_STATE" />
29-->src\main\AndroidManifest.xml:16:5-76
29-->src\main\AndroidManifest.xml:16:22-73
30    <uses-permission android:name="android.permission.CHANGE_WIFI_STATE" />
30-->src\main\AndroidManifest.xml:17:5-76
30-->src\main\AndroidManifest.xml:17:22-73
31
32    <!-- Vibrate for haptic feedback -->
33    <uses-permission android:name="android.permission.VIBRATE" />
33-->src\main\AndroidManifest.xml:20:5-66
33-->src\main\AndroidManifest.xml:20:22-63
34
35    <!-- Queries to check if intents can be resolved (e.g., UPI, WhatsApp) -->
36    <queries>
36-->src\main\AndroidManifest.xml:23:5-37:15
37
38        <!-- UPI apps -->
39        <intent>
39-->src\main\AndroidManifest.xml:25:9-28:18
40            <action android:name="android.intent.action.VIEW" />
40-->src\main\AndroidManifest.xml:26:13-65
40-->src\main\AndroidManifest.xml:26:21-62
41
42            <data android:scheme="upi" />
42-->src\main\AndroidManifest.xml:27:13-42
42-->src\main\AndroidManifest.xml:27:19-39
43        </intent>
44        <!-- WhatsApp -->
45        <package android:name="com.whatsapp" />
45-->src\main\AndroidManifest.xml:30:9-48
45-->src\main\AndroidManifest.xml:30:18-45
46        <!-- Web Browser -->
47        <intent>
47-->src\main\AndroidManifest.xml:32:9-36:18
48            <action android:name="android.intent.action.VIEW" />
48-->src\main\AndroidManifest.xml:26:13-65
48-->src\main\AndroidManifest.xml:26:21-62
49
50            <category android:name="android.intent.category.BROWSABLE" />
50-->src\main\AndroidManifest.xml:34:13-74
50-->src\main\AndroidManifest.xml:34:23-71
51
52            <data android:scheme="https" />
52-->src\main\AndroidManifest.xml:27:13-42
52-->src\main\AndroidManifest.xml:27:19-39
53        </intent>
54    </queries>
55
56    <permission
56-->[androidx.core:core:1.12.0] AndroidManifest.xml:22:5-24:47
57        android:name="com.HrshD1eux.Scan.DYNAMIC_RECEIVER_NOT_EXPORTED_PERMISSION"
57-->[androidx.core:core:1.12.0] AndroidManifest.xml:23:9-81
58        android:protectionLevel="signature" />
58-->[androidx.core:core:1.12.0] AndroidManifest.xml:24:9-44
59
60    <uses-permission android:name="com.HrshD1eux.Scan.DYNAMIC_RECEIVER_NOT_EXPORTED_PERMISSION" />
60-->[androidx.core:core:1.12.0] AndroidManifest.xml:26:5-97
60-->[androidx.core:core:1.12.0] AndroidManifest.xml:26:22-94
61
62    <application
62-->src\main\AndroidManifest.xml:39:5-75:19
63        android:allowBackup="false"
63-->src\main\AndroidManifest.xml:40:9-36
64        android:appComponentFactory="androidx.core.app.CoreComponentFactory"
64-->[androidx.core:core:1.12.0] AndroidManifest.xml:28:18-86
65        android:dataExtractionRules="@xml/data_extraction_rules"
65-->src\main\AndroidManifest.xml:41:9-65
66        android:extractNativeLibs="false"
67        android:fullBackupContent="@xml/backup_rules"
67-->src\main\AndroidManifest.xml:42:9-54
68        android:icon="@mipmap/ic_launcher"
68-->src\main\AndroidManifest.xml:43:9-43
69        android:label="@string/app_name"
69-->src\main\AndroidManifest.xml:44:9-41
70        android:roundIcon="@mipmap/ic_launcher_round"
70-->src\main\AndroidManifest.xml:45:9-54
71        android:supportsRtl="true"
71-->src\main\AndroidManifest.xml:46:9-35
72        android:theme="@style/Theme.Scan" >
72-->src\main\AndroidManifest.xml:47:9-42
73        <activity
73-->src\main\AndroidManifest.xml:49:9-63:20
74            android:name="com.HrshD1eux.Scan.MainActivity"
74-->src\main\AndroidManifest.xml:50:13-41
75            android:exported="true"
75-->src\main\AndroidManifest.xml:51:13-36
76            android:theme="@style/Theme.Scan"
76-->src\main\AndroidManifest.xml:52:13-46
77            android:windowSoftInputMode="adjustResize" >
77-->src\main\AndroidManifest.xml:53:13-55
78            <intent-filter>
78-->src\main\AndroidManifest.xml:54:13-57:29
79                <action android:name="android.intent.action.MAIN" />
79-->src\main\AndroidManifest.xml:55:17-69
79-->src\main\AndroidManifest.xml:55:25-66
80
81                <category android:name="android.intent.category.LAUNCHER" />
81-->src\main\AndroidManifest.xml:56:17-77
81-->src\main\AndroidManifest.xml:56:27-74
82            </intent-filter>
83            <intent-filter>
83-->src\main\AndroidManifest.xml:58:13-62:29
84                <action android:name="android.intent.action.SEND" />
84-->src\main\AndroidManifest.xml:59:17-69
84-->src\main\AndroidManifest.xml:59:25-66
85
86                <category android:name="android.intent.category.DEFAULT" />
86-->src\main\AndroidManifest.xml:60:17-76
86-->src\main\AndroidManifest.xml:60:27-73
87
88                <data android:mimeType="image/*" />
88-->src\main\AndroidManifest.xml:27:13-42
88-->src\main\AndroidManifest.xml:61:23-49
89            </intent-filter>
90        </activity>
91
92        <service
92-->src\main\AndroidManifest.xml:65:9-74:19
93            android:name="com.HrshD1eux.Scan.ScanTileService"
93-->src\main\AndroidManifest.xml:66:13-44
94            android:exported="true"
94-->src\main\AndroidManifest.xml:70:13-36
95            android:icon="@mipmap/ic_launcher"
95-->src\main\AndroidManifest.xml:68:13-47
96            android:label="@string/app_name"
96-->src\main\AndroidManifest.xml:67:13-45
97            android:permission="android.permission.BIND_QUICK_SETTINGS_TILE" >
97-->src\main\AndroidManifest.xml:69:13-77
98            <intent-filter>
98-->src\main\AndroidManifest.xml:71:13-73:29
99                <action android:name="android.service.quicksettings.action.QS_TILE" />
99-->src\main\AndroidManifest.xml:72:17-87
99-->src\main\AndroidManifest.xml:72:25-84
100            </intent-filter>
101        </service>
102        <service
102-->[androidx.camera:camera-camera2:1.3.1] AndroidManifest.xml:24:9-33:19
103            android:name="androidx.camera.core.impl.MetadataHolderService"
103-->[androidx.camera:camera-camera2:1.3.1] AndroidManifest.xml:25:13-75
104            android:enabled="false"
104-->[androidx.camera:camera-camera2:1.3.1] AndroidManifest.xml:26:13-36
105            android:exported="false" >
105-->[androidx.camera:camera-camera2:1.3.1] AndroidManifest.xml:27:13-37
106            <meta-data
106-->[androidx.camera:camera-camera2:1.3.1] AndroidManifest.xml:30:13-32:89
107                android:name="androidx.camera.core.impl.MetadataHolderService.DEFAULT_CONFIG_PROVIDER"
107-->[androidx.camera:camera-camera2:1.3.1] AndroidManifest.xml:31:17-103
108                android:value="androidx.camera.camera2.Camera2Config$DefaultProvider" />
108-->[androidx.camera:camera-camera2:1.3.1] AndroidManifest.xml:32:17-86
109        </service>
110        <service
110-->[com.google.android.gms:play-services-mlkit-barcode-scanning:18.3.0] AndroidManifest.xml:9:9-15:19
111            android:name="com.google.mlkit.common.internal.MlKitComponentDiscoveryService"
111-->[com.google.android.gms:play-services-mlkit-barcode-scanning:18.3.0] AndroidManifest.xml:10:13-91
112            android:directBootAware="true"
112-->[com.google.mlkit:common:18.9.0] AndroidManifest.xml:17:13-43
113            android:exported="false" >
113-->[com.google.android.gms:play-services-mlkit-barcode-scanning:18.3.0] AndroidManifest.xml:11:13-37
114            <meta-data
114-->[com.google.android.gms:play-services-mlkit-barcode-scanning:18.3.0] AndroidManifest.xml:12:13-14:85
115                android:name="com.google.firebase.components:com.google.mlkit.vision.barcode.internal.BarcodeRegistrar"
115-->[com.google.android.gms:play-services-mlkit-barcode-scanning:18.3.0] AndroidManifest.xml:13:17-120
116                android:value="com.google.firebase.components.ComponentRegistrar" />
116-->[com.google.android.gms:play-services-mlkit-barcode-scanning:18.3.0] AndroidManifest.xml:14:17-82
117            <meta-data
117-->[com.google.mlkit:vision-common:17.3.0] AndroidManifest.xml:12:13-14:85
118                android:name="com.google.firebase.components:com.google.mlkit.vision.common.internal.VisionCommonRegistrar"
118-->[com.google.mlkit:vision-common:17.3.0] AndroidManifest.xml:13:17-124
119                android:value="com.google.firebase.components.ComponentRegistrar" />
119-->[com.google.mlkit:vision-common:17.3.0] AndroidManifest.xml:14:17-82
120            <meta-data
120-->[com.google.mlkit:common:18.9.0] AndroidManifest.xml:20:13-22:85
121                android:name="com.google.firebase.components:com.google.mlkit.common.internal.CommonComponentRegistrar"
121-->[com.google.mlkit:common:18.9.0] AndroidManifest.xml:21:17-120
122                android:value="com.google.firebase.components.ComponentRegistrar" />
122-->[com.google.mlkit:common:18.9.0] AndroidManifest.xml:22:17-82
123        </service>
124
125        <provider
125-->[com.google.mlkit:common:18.9.0] AndroidManifest.xml:9:9-13:38
126            android:name="com.google.mlkit.common.internal.MlKitInitProvider"
126-->[com.google.mlkit:common:18.9.0] AndroidManifest.xml:10:13-78
127            android:authorities="com.HrshD1eux.Scan.mlkitinitprovider"
127-->[com.google.mlkit:common:18.9.0] AndroidManifest.xml:11:13-69
128            android:exported="false"
128-->[com.google.mlkit:common:18.9.0] AndroidManifest.xml:12:13-37
129            android:initOrder="99" />
129-->[com.google.mlkit:common:18.9.0] AndroidManifest.xml:13:13-35
130
131        <activity
131-->[com.google.android.gms:play-services-base:18.1.0] AndroidManifest.xml:20:9-22:45
132            android:name="com.google.android.gms.common.api.GoogleApiActivity"
132-->[com.google.android.gms:play-services-base:18.1.0] AndroidManifest.xml:20:19-85
133            android:exported="false"
133-->[com.google.android.gms:play-services-base:18.1.0] AndroidManifest.xml:22:19-43
134            android:theme="@android:style/Theme.Translucent.NoTitleBar" />
134-->[com.google.android.gms:play-services-base:18.1.0] AndroidManifest.xml:21:19-78
135
136        <meta-data
136-->[com.google.android.gms:play-services-basement:18.1.0] AndroidManifest.xml:21:9-23:69
137            android:name="com.google.android.gms.version"
137-->[com.google.android.gms:play-services-basement:18.1.0] AndroidManifest.xml:22:13-58
138            android:value="@integer/google_play_services_version" />
138-->[com.google.android.gms:play-services-basement:18.1.0] AndroidManifest.xml:23:13-66
139
140        <provider
140-->[androidx.emoji2:emoji2:1.3.0] AndroidManifest.xml:24:9-32:20
141            android:name="androidx.startup.InitializationProvider"
141-->[androidx.emoji2:emoji2:1.3.0] AndroidManifest.xml:25:13-67
142            android:authorities="com.HrshD1eux.Scan.androidx-startup"
142-->[androidx.emoji2:emoji2:1.3.0] AndroidManifest.xml:26:13-68
143            android:exported="false" >
143-->[androidx.emoji2:emoji2:1.3.0] AndroidManifest.xml:27:13-37
144            <meta-data
144-->[androidx.emoji2:emoji2:1.3.0] AndroidManifest.xml:29:13-31:52
145                android:name="androidx.emoji2.text.EmojiCompatInitializer"
145-->[androidx.emoji2:emoji2:1.3.0] AndroidManifest.xml:30:17-75
146                android:value="androidx.startup" />
146-->[androidx.emoji2:emoji2:1.3.0] AndroidManifest.xml:31:17-49
147            <meta-data
147-->[androidx.lifecycle:lifecycle-process:2.7.0] AndroidManifest.xml:29:13-31:52
148                android:name="androidx.lifecycle.ProcessLifecycleInitializer"
148-->[androidx.lifecycle:lifecycle-process:2.7.0] AndroidManifest.xml:30:17-78
149                android:value="androidx.startup" />
149-->[androidx.lifecycle:lifecycle-process:2.7.0] AndroidManifest.xml:31:17-49
150            <meta-data
150-->[androidx.profileinstaller:profileinstaller:1.3.1] AndroidManifest.xml:29:13-31:52
151                android:name="androidx.profileinstaller.ProfileInstallerInitializer"
151-->[androidx.profileinstaller:profileinstaller:1.3.1] AndroidManifest.xml:30:17-85
152                android:value="androidx.startup" />
152-->[androidx.profileinstaller:profileinstaller:1.3.1] AndroidManifest.xml:31:17-49
153        </provider>
154
155        <service
155-->[androidx.room:room-runtime:2.6.1] AndroidManifest.xml:24:9-28:63
156            android:name="androidx.room.MultiInstanceInvalidationService"
156-->[androidx.room:room-runtime:2.6.1] AndroidManifest.xml:25:13-74
157            android:directBootAware="true"
157-->[androidx.room:room-runtime:2.6.1] AndroidManifest.xml:26:13-43
158            android:exported="false" />
158-->[androidx.room:room-runtime:2.6.1] AndroidManifest.xml:27:13-37
159        <service
159-->[com.google.android.datatransport:transport-backend-cct:2.3.3] AndroidManifest.xml:29:9-35:19
160            android:name="com.google.android.datatransport.runtime.backends.TransportBackendDiscovery"
160-->[com.google.android.datatransport:transport-backend-cct:2.3.3] AndroidManifest.xml:30:13-103
161            android:exported="false" >
161-->[com.google.android.datatransport:transport-backend-cct:2.3.3] AndroidManifest.xml:31:13-37
162            <meta-data
162-->[com.google.android.datatransport:transport-backend-cct:2.3.3] AndroidManifest.xml:32:13-34:39
163                android:name="backend:com.google.android.datatransport.cct.CctBackendFactory"
163-->[com.google.android.datatransport:transport-backend-cct:2.3.3] AndroidManifest.xml:33:17-94
164                android:value="cct" />
164-->[com.google.android.datatransport:transport-backend-cct:2.3.3] AndroidManifest.xml:34:17-36
165        </service>
166        <service
166-->[com.google.android.datatransport:transport-runtime:2.2.6] AndroidManifest.xml:26:9-30:19
167            android:name="com.google.android.datatransport.runtime.scheduling.jobscheduling.JobInfoSchedulerService"
167-->[com.google.android.datatransport:transport-runtime:2.2.6] AndroidManifest.xml:27:13-117
168            android:exported="false"
168-->[com.google.android.datatransport:transport-runtime:2.2.6] AndroidManifest.xml:28:13-37
169            android:permission="android.permission.BIND_JOB_SERVICE" >
169-->[com.google.android.datatransport:transport-runtime:2.2.6] AndroidManifest.xml:29:13-69
170        </service>
171
172        <receiver
172-->[com.google.android.datatransport:transport-runtime:2.2.6] AndroidManifest.xml:32:9-34:40
173            android:name="com.google.android.datatransport.runtime.scheduling.jobscheduling.AlarmManagerSchedulerBroadcastReceiver"
173-->[com.google.android.datatransport:transport-runtime:2.2.6] AndroidManifest.xml:33:13-132
174            android:exported="false" />
174-->[com.google.android.datatransport:transport-runtime:2.2.6] AndroidManifest.xml:34:13-37
175        <receiver
175-->[androidx.profileinstaller:profileinstaller:1.3.1] AndroidManifest.xml:34:9-52:20
176            android:name="androidx.profileinstaller.ProfileInstallReceiver"
176-->[androidx.profileinstaller:profileinstaller:1.3.1] AndroidManifest.xml:35:13-76
177            android:directBootAware="false"
177-->[androidx.profileinstaller:profileinstaller:1.3.1] AndroidManifest.xml:36:13-44
178            android:enabled="true"
178-->[androidx.profileinstaller:profileinstaller:1.3.1] AndroidManifest.xml:37:13-35
179            android:exported="true"
179-->[androidx.profileinstaller:profileinstaller:1.3.1] AndroidManifest.xml:38:13-36
180            android:permission="android.permission.DUMP" >
180-->[androidx.profileinstaller:profileinstaller:1.3.1] AndroidManifest.xml:39:13-57
181            <intent-filter>
181-->[androidx.profileinstaller:profileinstaller:1.3.1] AndroidManifest.xml:40:13-42:29
182                <action android:name="androidx.profileinstaller.action.INSTALL_PROFILE" />
182-->[androidx.profileinstaller:profileinstaller:1.3.1] AndroidManifest.xml:41:17-91
182-->[androidx.profileinstaller:profileinstaller:1.3.1] AndroidManifest.xml:41:25-88
183            </intent-filter>
184            <intent-filter>
184-->[androidx.profileinstaller:profileinstaller:1.3.1] AndroidManifest.xml:43:13-45:29
185                <action android:name="androidx.profileinstaller.action.SKIP_FILE" />
185-->[androidx.profileinstaller:profileinstaller:1.3.1] AndroidManifest.xml:44:17-85
185-->[androidx.profileinstaller:profileinstaller:1.3.1] AndroidManifest.xml:44:25-82
186            </intent-filter>
187            <intent-filter>
187-->[androidx.profileinstaller:profileinstaller:1.3.1] AndroidManifest.xml:46:13-48:29
188                <action android:name="androidx.profileinstaller.action.SAVE_PROFILE" />
188-->[androidx.profileinstaller:profileinstaller:1.3.1] AndroidManifest.xml:47:17-88
188-->[androidx.profileinstaller:profileinstaller:1.3.1] AndroidManifest.xml:47:25-85
189            </intent-filter>
190            <intent-filter>
190-->[androidx.profileinstaller:profileinstaller:1.3.1] AndroidManifest.xml:49:13-51:29
191                <action android:name="androidx.profileinstaller.action.BENCHMARK_OPERATION" />
191-->[androidx.profileinstaller:profileinstaller:1.3.1] AndroidManifest.xml:50:17-95
191-->[androidx.profileinstaller:profileinstaller:1.3.1] AndroidManifest.xml:50:25-92
192            </intent-filter>
193        </receiver>
194    </application>
195
196</manifest>